

Started GET "/" for ::1 at 2015-03-13 12:43:27 -0400

Mysql2::Error (Can't connect to local MySQL server through socket '/tmp/mysql.sock' (2)):
  mysql2 (0.3.18) lib/mysql2/client.rb:70:in `connect'
  mysql2 (0.3.18) lib/mysql2/client.rb:70:in `initialize'
  activerecord (4.2.0) lib/active_record/connection_adapters/mysql2_adapter.rb:18:in `new'
  activerecord (4.2.0) lib/active_record/connection_adapters/mysql2_adapter.rb:18:in `mysql2_connection'
  activerecord (4.2.0) lib/active_record/connection_adapters/abstract/connection_pool.rb:436:in `new_connection'
  activerecord (4.2.0) lib/active_record/connection_adapters/abstract/connection_pool.rb:446:in `checkout_new_connection'
  activerecord (4.2.0) lib/active_record/connection_adapters/abstract/connection_pool.rb:422:in `acquire_connection'
  activerecord (4.2.0) lib/active_record/connection_adapters/abstract/connection_pool.rb:349:in `block in checkout'
  /Users/valkharvey/.rvm/rubies/ruby-2.2.0/lib/ruby/2.2.0/monitor.rb:211:in `mon_synchronize'
  activerecord (4.2.0) lib/active_record/connection_adapters/abstract/connection_pool.rb:348:in `checkout'
  activerecord (4.2.0) lib/active_record/connection_adapters/abstract/connection_pool.rb:263:in `block in connection'
  /Users/valkharvey/.rvm/rubies/ruby-2.2.0/lib/ruby/2.2.0/monitor.rb:211:in `mon_synchronize'
  activerecord (4.2.0) lib/active_record/connection_adapters/abstract/connection_pool.rb:262:in `connection'
  activerecord (4.2.0) lib/active_record/connection_adapters/abstract/connection_pool.rb:565:in `retrieve_connection'
  activerecord (4.2.0) lib/active_record/connection_handling.rb:113:in `retrieve_connection'
  activerecord (4.2.0) lib/active_record/connection_handling.rb:87:in `connection'
  activerecord (4.2.0) lib/active_record/migration.rb:384:in `connection'
  activerecord (4.2.0) lib/active_record/migration.rb:371:in `call'
  actionpack (4.2.0) lib/action_dispatch/middleware/callbacks.rb:29:in `block in call'
  activesupport (4.2.0) lib/active_support/callbacks.rb:88:in `call'
  activesupport (4.2.0) lib/active_support/callbacks.rb:88:in `_run_callbacks'
  activesupport (4.2.0) lib/active_support/callbacks.rb:734:in `_run_call_callbacks'
  activesupport (4.2.0) lib/active_support/callbacks.rb:81:in `run_callbacks'
  actionpack (4.2.0) lib/action_dispatch/middleware/callbacks.rb:27:in `call'
  actionpack (4.2.0) lib/action_dispatch/middleware/reloader.rb:73:in `call'
  actionpack (4.2.0) lib/action_dispatch/middleware/remote_ip.rb:78:in `call'
  actionpack (4.2.0) lib/action_dispatch/middleware/debug_exceptions.rb:17:in `call'
  web-console (2.1.1) lib/web_console/middleware.rb:37:in `call'
  actionpack (4.2.0) lib/action_dispatch/middleware/show_exceptions.rb:30:in `call'
  railties (4.2.0) lib/rails/rack/logger.rb:38:in `call_app'
  railties (4.2.0) lib/rails/rack/logger.rb:20:in `block in call'
  activesupport (4.2.0) lib/active_support/tagged_logging.rb:68:in `block in tagged'
  activesupport (4.2.0) lib/active_support/tagged_logging.rb:26:in `tagged'
  activesupport (4.2.0) lib/active_support/tagged_logging.rb:68:in `tagged'
  railties (4.2.0) lib/rails/rack/logger.rb:20:in `call'
  quiet_assets (1.1.0) lib/quiet_assets.rb:27:in `call_with_quiet_assets'
  actionpack (4.2.0) lib/action_dispatch/middleware/request_id.rb:21:in `call'
  rack (1.6.0) lib/rack/methodoverride.rb:22:in `call'
  rack (1.6.0) lib/rack/runtime.rb:18:in `call'
  activesupport (4.2.0) lib/active_support/cache/strategy/local_cache_middleware.rb:28:in `call'
  rack (1.6.0) lib/rack/lock.rb:17:in `call'
  actionpack (4.2.0) lib/action_dispatch/middleware/static.rb:113:in `call'
  rack (1.6.0) lib/rack/sendfile.rb:113:in `call'
  railties (4.2.0) lib/rails/engine.rb:518:in `call'
  railties (4.2.0) lib/rails/application.rb:164:in `call'
  rack (1.6.0) lib/rack/lock.rb:17:in `call'
  rack (1.6.0) lib/rack/content_length.rb:15:in `call'
  rack (1.6.0) lib/rack/handler/webrick.rb:89:in `service'
  /Users/valkharvey/.rvm/rubies/ruby-2.2.0/lib/ruby/2.2.0/webrick/httpserver.rb:138:in `service'
  /Users/valkharvey/.rvm/rubies/ruby-2.2.0/lib/ruby/2.2.0/webrick/httpserver.rb:94:in `run'
  /Users/valkharvey/.rvm/rubies/ruby-2.2.0/lib/ruby/2.2.0/webrick/server.rb:294:in `block in start_thread'


  Rendered /Users/valkharvey/.rvm/gems/ruby-2.2.0@jv_farm_angular_devise/gems/actionpack-4.2.0/lib/action_dispatch/middleware/templates/rescues/_source.erb (3.6ms)
  Rendered /Users/valkharvey/.rvm/gems/ruby-2.2.0@jv_farm_angular_devise/gems/actionpack-4.2.0/lib/action_dispatch/middleware/templates/rescues/_trace.html.erb (2.2ms)
  Rendered /Users/valkharvey/.rvm/gems/ruby-2.2.0@jv_farm_angular_devise/gems/actionpack-4.2.0/lib/action_dispatch/middleware/templates/rescues/_request_and_response.html.erb (0.8ms)
  Rendered /Users/valkharvey/.rvm/gems/ruby-2.2.0@jv_farm_angular_devise/gems/actionpack-4.2.0/lib/action_dispatch/middleware/templates/rescues/diagnostics.html.erb within rescues/layout (69.6ms)
  Rendered /Users/valkharvey/.rvm/gems/ruby-2.2.0@jv_farm_angular_devise/gems/web-console-2.1.1/lib/web_console/templates/_markup.html (0.5ms)
  Rendered /Users/valkharvey/.rvm/gems/ruby-2.2.0@jv_farm_angular_devise/gems/web-console-2.1.1/lib/web_console/templates/style.css within layouts/inlined_string (0.3ms)
  Rendered /Users/valkharvey/.rvm/gems/ruby-2.2.0@jv_farm_angular_devise/gems/web-console-2.1.1/lib/web_console/templates/_inner_console_markup.html within layouts/inlined_string (0.2ms)
  Rendered /Users/valkharvey/.rvm/gems/ruby-2.2.0@jv_farm_angular_devise/gems/web-console-2.1.1/lib/web_console/templates/_prompt_box_markup.html within layouts/inlined_string (0.3ms)
  Rendered /Users/valkharvey/.rvm/gems/ruby-2.2.0@jv_farm_angular_devise/gems/web-console-2.1.1/lib/web_console/templates/console.js within layouts/javascript (55.3ms)
  Rendered /Users/valkharvey/.rvm/gems/ruby-2.2.0@jv_farm_angular_devise/gems/web-console-2.1.1/lib/web_console/templates/main.js within layouts/javascript (0.3ms)
  Rendered /Users/valkharvey/.rvm/gems/ruby-2.2.0@jv_farm_angular_devise/gems/web-console-2.1.1/lib/web_console/templates/error_page.js within layouts/javascript (0.5ms)
  Rendered /Users/valkharvey/.rvm/gems/ruby-2.2.0@jv_farm_angular_devise/gems/web-console-2.1.1/lib/web_console/templates/index.html (132.7ms)


Started GET "/" for ::1 at 2015-03-13 13:04:13 -0400

ActiveRecord::NoDatabaseError (Unknown database 'farmstand/development.mysql2'):
  activerecord (4.2.0) lib/active_record/connection_adapters/mysql2_adapter.rb:23:in `rescue in mysql2_connection'
  activerecord (4.2.0) lib/active_record/connection_adapters/mysql2_adapter.rb:10:in `mysql2_connection'
  activerecord (4.2.0) lib/active_record/connection_adapters/abstract/connection_pool.rb:436:in `new_connection'
  activerecord (4.2.0) lib/active_record/connection_adapters/abstract/connection_pool.rb:446:in `checkout_new_connection'
  activerecord (4.2.0) lib/active_record/connection_adapters/abstract/connection_pool.rb:422:in `acquire_connection'
  activerecord (4.2.0) lib/active_record/connection_adapters/abstract/connection_pool.rb:349:in `block in checkout'
  /Users/valkharvey/.rvm/rubies/ruby-2.2.0/lib/ruby/2.2.0/monitor.rb:211:in `mon_synchronize'
  activerecord (4.2.0) lib/active_record/connection_adapters/abstract/connection_pool.rb:348:in `checkout'
  activerecord (4.2.0) lib/active_record/connection_adapters/abstract/connection_pool.rb:263:in `block in connection'
  /Users/valkharvey/.rvm/rubies/ruby-2.2.0/lib/ruby/2.2.0/monitor.rb:211:in `mon_synchronize'
  activerecord (4.2.0) lib/active_record/connection_adapters/abstract/connection_pool.rb:262:in `connection'
  activerecord (4.2.0) lib/active_record/connection_adapters/abstract/connection_pool.rb:565:in `retrieve_connection'
  activerecord (4.2.0) lib/active_record/connection_handling.rb:113:in `retrieve_connection'
  activerecord (4.2.0) lib/active_record/connection_handling.rb:87:in `connection'
  activerecord (4.2.0) lib/active_record/migration.rb:384:in `connection'
  activerecord (4.2.0) lib/active_record/migration.rb:371:in `call'
  actionpack (4.2.0) lib/action_dispatch/middleware/callbacks.rb:29:in `block in call'
  activesupport (4.2.0) lib/active_support/callbacks.rb:88:in `call'
  activesupport (4.2.0) lib/active_support/callbacks.rb:88:in `_run_callbacks'
  activesupport (4.2.0) lib/active_support/callbacks.rb:734:in `_run_call_callbacks'
  activesupport (4.2.0) lib/active_support/callbacks.rb:81:in `run_callbacks'
  actionpack (4.2.0) lib/action_dispatch/middleware/callbacks.rb:27:in `call'
  actionpack (4.2.0) lib/action_dispatch/middleware/reloader.rb:73:in `call'
  actionpack (4.2.0) lib/action_dispatch/middleware/remote_ip.rb:78:in `call'
  actionpack (4.2.0) lib/action_dispatch/middleware/debug_exceptions.rb:17:in `call'
  web-console (2.1.1) lib/web_console/middleware.rb:37:in `call'
  actionpack (4.2.0) lib/action_dispatch/middleware/show_exceptions.rb:30:in `call'
  railties (4.2.0) lib/rails/rack/logger.rb:38:in `call_app'
  railties (4.2.0) lib/rails/rack/logger.rb:20:in `block in call'
  activesupport (4.2.0) lib/active_support/tagged_logging.rb:68:in `block in tagged'
  activesupport (4.2.0) lib/active_support/tagged_logging.rb:26:in `tagged'
  activesupport (4.2.0) lib/active_support/tagged_logging.rb:68:in `tagged'
  railties (4.2.0) lib/rails/rack/logger.rb:20:in `call'
  quiet_assets (1.1.0) lib/quiet_assets.rb:27:in `call_with_quiet_assets'
  actionpack (4.2.0) lib/action_dispatch/middleware/request_id.rb:21:in `call'
  rack (1.6.0) lib/rack/methodoverride.rb:22:in `call'
  rack (1.6.0) lib/rack/runtime.rb:18:in `call'
  activesupport (4.2.0) lib/active_support/cache/strategy/local_cache_middleware.rb:28:in `call'
  rack (1.6.0) lib/rack/lock.rb:17:in `call'
  actionpack (4.2.0) lib/action_dispatch/middleware/static.rb:113:in `call'
  rack (1.6.0) lib/rack/sendfile.rb:113:in `call'
  railties (4.2.0) lib/rails/engine.rb:518:in `call'
  railties (4.2.0) lib/rails/application.rb:164:in `call'
  rack (1.6.0) lib/rack/lock.rb:17:in `call'
  rack (1.6.0) lib/rack/content_length.rb:15:in `call'
  rack (1.6.0) lib/rack/handler/webrick.rb:89:in `service'
  /Users/valkharvey/.rvm/rubies/ruby-2.2.0/lib/ruby/2.2.0/webrick/httpserver.rb:138:in `service'
  /Users/valkharvey/.rvm/rubies/ruby-2.2.0/lib/ruby/2.2.0/webrick/httpserver.rb:94:in `run'
  /Users/valkharvey/.rvm/rubies/ruby-2.2.0/lib/ruby/2.2.0/webrick/server.rb:294:in `block in start_thread'


  Rendered /Users/valkharvey/.rvm/gems/ruby-2.2.0@jv_farm_angular_devise/gems/actionpack-4.2.0/lib/action_dispatch/middleware/templates/rescues/_source.erb (3.2ms)
  Rendered /Users/valkharvey/.rvm/gems/ruby-2.2.0@jv_farm_angular_devise/gems/actionpack-4.2.0/lib/action_dispatch/middleware/templates/rescues/_trace.html.erb (1.7ms)
  Rendered /Users/valkharvey/.rvm/gems/ruby-2.2.0@jv_farm_angular_devise/gems/actionpack-4.2.0/lib/action_dispatch/middleware/templates/rescues/_request_and_response.html.erb (0.9ms)
  Rendered /Users/valkharvey/.rvm/gems/ruby-2.2.0@jv_farm_angular_devise/gems/actionpack-4.2.0/lib/action_dispatch/middleware/templates/rescues/diagnostics.html.erb within rescues/layout (68.7ms)
  Rendered /Users/valkharvey/.rvm/gems/ruby-2.2.0@jv_farm_angular_devise/gems/web-console-2.1.1/lib/web_console/templates/_markup.html (0.4ms)
  Rendered /Users/valkharvey/.rvm/gems/ruby-2.2.0@jv_farm_angular_devise/gems/web-console-2.1.1/lib/web_console/templates/style.css within layouts/inlined_string (0.3ms)
  Rendered /Users/valkharvey/.rvm/gems/ruby-2.2.0@jv_farm_angular_devise/gems/web-console-2.1.1/lib/web_console/templates/_inner_console_markup.html within layouts/inlined_string (0.3ms)
  Rendered /Users/valkharvey/.rvm/gems/ruby-2.2.0@jv_farm_angular_devise/gems/web-console-2.1.1/lib/web_console/templates/_prompt_box_markup.html within layouts/inlined_string (0.3ms)
  Rendered /Users/valkharvey/.rvm/gems/ruby-2.2.0@jv_farm_angular_devise/gems/web-console-2.1.1/lib/web_console/templates/console.js within layouts/javascript (60.8ms)
  Rendered /Users/valkharvey/.rvm/gems/ruby-2.2.0@jv_farm_angular_devise/gems/web-console-2.1.1/lib/web_console/templates/main.js within layouts/javascript (0.4ms)
  Rendered /Users/valkharvey/.rvm/gems/ruby-2.2.0@jv_farm_angular_devise/gems/web-console-2.1.1/lib/web_console/templates/error_page.js within layouts/javascript (0.4ms)
  Rendered /Users/valkharvey/.rvm/gems/ruby-2.2.0@jv_farm_angular_devise/gems/web-console-2.1.1/lib/web_console/templates/index.html (140.1ms)


Started GET "/" for ::1 at 2015-03-13 15:12:21 -0400

ActiveRecord::PendingMigrationError (

Migrations are pending. To resolve this issue, run:

	bin/rake db:migrate RAILS_ENV=development

):
  activerecord (4.2.0) lib/active_record/migration.rb:393:in `check_pending!'
  activerecord (4.2.0) lib/active_record/migration.rb:374:in `call'
  actionpack (4.2.0) lib/action_dispatch/middleware/callbacks.rb:29:in `block in call'
  activesupport (4.2.0) lib/active_support/callbacks.rb:88:in `call'
  activesupport (4.2.0) lib/active_support/callbacks.rb:88:in `_run_callbacks'
  activesupport (4.2.0) lib/active_support/callbacks.rb:734:in `_run_call_callbacks'
  activesupport (4.2.0) lib/active_support/callbacks.rb:81:in `run_callbacks'
  actionpack (4.2.0) lib/action_dispatch/middleware/callbacks.rb:27:in `call'
  actionpack (4.2.0) lib/action_dispatch/middleware/reloader.rb:73:in `call'
  actionpack (4.2.0) lib/action_dispatch/middleware/remote_ip.rb:78:in `call'
  actionpack (4.2.0) lib/action_dispatch/middleware/debug_exceptions.rb:17:in `call'
  web-console (2.1.1) lib/web_console/middleware.rb:37:in `call'
  actionpack (4.2.0) lib/action_dispatch/middleware/show_exceptions.rb:30:in `call'
  railties (4.2.0) lib/rails/rack/logger.rb:38:in `call_app'
  railties (4.2.0) lib/rails/rack/logger.rb:20:in `block in call'
  activesupport (4.2.0) lib/active_support/tagged_logging.rb:68:in `block in tagged'
  activesupport (4.2.0) lib/active_support/tagged_logging.rb:26:in `tagged'
  activesupport (4.2.0) lib/active_support/tagged_logging.rb:68:in `tagged'
  railties (4.2.0) lib/rails/rack/logger.rb:20:in `call'
  quiet_assets (1.1.0) lib/quiet_assets.rb:27:in `call_with_quiet_assets'
  actionpack (4.2.0) lib/action_dispatch/middleware/request_id.rb:21:in `call'
  rack (1.6.0) lib/rack/methodoverride.rb:22:in `call'
  rack (1.6.0) lib/rack/runtime.rb:18:in `call'
  activesupport (4.2.0) lib/active_support/cache/strategy/local_cache_middleware.rb:28:in `call'
  rack (1.6.0) lib/rack/lock.rb:17:in `call'
  actionpack (4.2.0) lib/action_dispatch/middleware/static.rb:113:in `call'
  rack (1.6.0) lib/rack/sendfile.rb:113:in `call'
  railties (4.2.0) lib/rails/engine.rb:518:in `call'
  railties (4.2.0) lib/rails/application.rb:164:in `call'
  rack (1.6.0) lib/rack/lock.rb:17:in `call'
  rack (1.6.0) lib/rack/content_length.rb:15:in `call'
  rack (1.6.0) lib/rack/handler/webrick.rb:89:in `service'
  /Users/valkharvey/.rvm/rubies/ruby-2.2.0/lib/ruby/2.2.0/webrick/httpserver.rb:138:in `service'
  /Users/valkharvey/.rvm/rubies/ruby-2.2.0/lib/ruby/2.2.0/webrick/httpserver.rb:94:in `run'
  /Users/valkharvey/.rvm/rubies/ruby-2.2.0/lib/ruby/2.2.0/webrick/server.rb:294:in `block in start_thread'


  Rendered /Users/valkharvey/.rvm/gems/ruby-2.2.0@jv_farm_angular_devise/gems/actionpack-4.2.0/lib/action_dispatch/middleware/templates/rescues/_source.erb (3.2ms)
  Rendered /Users/valkharvey/.rvm/gems/ruby-2.2.0@jv_farm_angular_devise/gems/actionpack-4.2.0/lib/action_dispatch/middleware/templates/rescues/_trace.html.erb (1.6ms)
  Rendered /Users/valkharvey/.rvm/gems/ruby-2.2.0@jv_farm_angular_devise/gems/actionpack-4.2.0/lib/action_dispatch/middleware/templates/rescues/_request_and_response.html.erb (0.9ms)
  Rendered /Users/valkharvey/.rvm/gems/ruby-2.2.0@jv_farm_angular_devise/gems/actionpack-4.2.0/lib/action_dispatch/middleware/templates/rescues/diagnostics.html.erb within rescues/layout (65.1ms)
  Rendered /Users/valkharvey/.rvm/gems/ruby-2.2.0@jv_farm_angular_devise/gems/web-console-2.1.1/lib/web_console/templates/_markup.html (0.5ms)
  Rendered /Users/valkharvey/.rvm/gems/ruby-2.2.0@jv_farm_angular_devise/gems/web-console-2.1.1/lib/web_console/templates/style.css within layouts/inlined_string (0.3ms)
  Rendered /Users/valkharvey/.rvm/gems/ruby-2.2.0@jv_farm_angular_devise/gems/web-console-2.1.1/lib/web_console/templates/_inner_console_markup.html within layouts/inlined_string (0.3ms)
  Rendered /Users/valkharvey/.rvm/gems/ruby-2.2.0@jv_farm_angular_devise/gems/web-console-2.1.1/lib/web_console/templates/_prompt_box_markup.html within layouts/inlined_string (0.3ms)
  Rendered /Users/valkharvey/.rvm/gems/ruby-2.2.0@jv_farm_angular_devise/gems/web-console-2.1.1/lib/web_console/templates/console.js within layouts/javascript (54.2ms)
  Rendered /Users/valkharvey/.rvm/gems/ruby-2.2.0@jv_farm_angular_devise/gems/web-console-2.1.1/lib/web_console/templates/main.js within layouts/javascript (0.4ms)
  Rendered /Users/valkharvey/.rvm/gems/ruby-2.2.0@jv_farm_angular_devise/gems/web-console-2.1.1/lib/web_console/templates/error_page.js within layouts/javascript (0.4ms)
  Rendered /Users/valkharvey/.rvm/gems/ruby-2.2.0@jv_farm_angular_devise/gems/web-console-2.1.1/lib/web_console/templates/index.html (133.4ms)
  [1m[36m (205.5ms)[0m  [1mCREATE TABLE `schema_migrations` (`version` varchar(255) NOT NULL) ENGINE=InnoDB[0m
  [1m[35m (537.1ms)[0m  CREATE UNIQUE INDEX `unique_schema_migrations`  ON `schema_migrations` (`version`) 
  [1m[36mActiveRecord::SchemaMigration Load (0.2ms)[0m  [1mSELECT `schema_migrations`.* FROM `schema_migrations`[0m
Migrating to CreateFarmers (20150312002600)
  [1m[35m (274.6ms)[0m  CREATE TABLE `farmers` (`id` int(11) auto_increment PRIMARY KEY, `name` varchar(255), `city` varchar(255), `created_at` datetime NOT NULL, `updated_at` datetime NOT NULL) ENGINE=InnoDB
  [1m[36m (0.1ms)[0m  [1mBEGIN[0m
  [1m[35mSQL (0.4ms)[0m  INSERT INTO `schema_migrations` (`version`) VALUES ('20150312002600')
  [1m[36m (0.8ms)[0m  [1mCOMMIT[0m
Migrating to DeviseCreateUsers (20150312195724)
DEPRECATION WARNING: `#timestamp` was called without specifying an option for `null`. In Rails 5, this behavior will change to `null: false`. You should manually specify `null: true` to prevent the behavior of your existing migrations from changing. (called from block in change at /Users/valkharvey/Farmstand/finalProject/angular_devise/db/migrate/20150312195724_devise_create_users.rb:34)
  [1m[35m (298.4ms)[0m  CREATE TABLE `users` (`id` int(11) auto_increment PRIMARY KEY, `email` varchar(255) DEFAULT '' NOT NULL, `encrypted_password` varchar(255) DEFAULT '' NOT NULL, `reset_password_token` varchar(255), `reset_password_sent_at` datetime, `remember_created_at` datetime, `sign_in_count` int(11) DEFAULT 0 NOT NULL, `current_sign_in_at` datetime, `last_sign_in_at` datetime, `current_sign_in_ip` varchar(255), `last_sign_in_ip` varchar(255), `created_at` datetime, `updated_at` datetime) ENGINE=InnoDB
  [1m[36m (241.1ms)[0m  [1mCREATE UNIQUE INDEX `index_users_on_email`  ON `users` (`email`) [0m
  [1m[35m (209.8ms)[0m  CREATE UNIQUE INDEX `index_users_on_reset_password_token`  ON `users` (`reset_password_token`) 
  [1m[36m (0.1ms)[0m  [1mBEGIN[0m
  [1m[35mSQL (0.2ms)[0m  INSERT INTO `schema_migrations` (`version`) VALUES ('20150312195724')
  [1m[36m (0.3ms)[0m  [1mCOMMIT[0m
Migrating to CreateRestaurants (20150313051648)
  [1m[35m (304.8ms)[0m  CREATE TABLE `restaurants` (`id` int(11) auto_increment PRIMARY KEY, `name` varchar(255), `city` varchar(255), `created_at` datetime NOT NULL, `updated_at` datetime NOT NULL) ENGINE=InnoDB
  [1m[36m (0.1ms)[0m  [1mBEGIN[0m
  [1m[35mSQL (0.2ms)[0m  INSERT INTO `schema_migrations` (`version`) VALUES ('20150313051648')
  [1m[36m (0.5ms)[0m  [1mCOMMIT[0m
  [1m[35mActiveRecord::SchemaMigration Load (0.2ms)[0m  SELECT `schema_migrations`.* FROM `schema_migrations`
  [1m[36m (0.3ms)[0m  [1mSELECT fk.referenced_table_name as 'to_table'
      ,fk.referenced_column_name as 'primary_key'
      ,fk.column_name as 'column'
      ,fk.constraint_name as 'name'
FROM information_schema.key_column_usage fk
WHERE fk.referenced_column_name is not null
  AND fk.table_schema = 'farmstand/development.mysql2'
  AND fk.table_name = 'farmers'
[0m
  [1m[35m (0.1ms)[0m  SHOW CREATE TABLE `farmers`
  [1m[36m (0.2ms)[0m  [1mSELECT fk.referenced_table_name as 'to_table'
      ,fk.referenced_column_name as 'primary_key'
      ,fk.column_name as 'column'
      ,fk.constraint_name as 'name'
FROM information_schema.key_column_usage fk
WHERE fk.referenced_column_name is not null
  AND fk.table_schema = 'farmstand/development.mysql2'
  AND fk.table_name = 'restaurants'
[0m
  [1m[35m (0.1ms)[0m  SHOW CREATE TABLE `restaurants`
  [1m[36m (0.1ms)[0m  [1mSELECT fk.referenced_table_name as 'to_table'
      ,fk.referenced_column_name as 'primary_key'
      ,fk.column_name as 'column'
      ,fk.constraint_name as 'name'
FROM information_schema.key_column_usage fk
WHERE fk.referenced_column_name is not null
  AND fk.table_schema = 'farmstand/development.mysql2'
  AND fk.table_name = 'users'
[0m
  [1m[35m (0.1ms)[0m  SHOW CREATE TABLE `users`


Started GET "/" for ::1 at 2015-03-13 15:13:14 -0400
  [1m[36mActiveRecord::SchemaMigration Load (0.2ms)[0m  [1mSELECT `schema_migrations`.* FROM `schema_migrations`[0m
Processing by HomeController#index as HTML
  Rendered home/index.html.haml within layouts/application (4.1ms)
Completed 200 OK in 535ms (Views: 512.7ms | ActiveRecord: 0.0ms)


Started GET "/" for ::1 at 2015-03-13 15:13:23 -0400
Processing by HomeController#index as HTML
  Rendered home/index.html.haml within layouts/application (0.7ms)
Completed 200 OK in 86ms (Views: 85.9ms | ActiveRecord: 0.0ms)


Started GET "/main" for ::1 at 2015-03-13 15:13:52 -0400

ActionController::RoutingError (No route matches [GET] "/main"):
  actionpack (4.2.0) lib/action_dispatch/middleware/debug_exceptions.rb:21:in `call'
  web-console (2.1.1) lib/web_console/middleware.rb:37:in `call'
  actionpack (4.2.0) lib/action_dispatch/middleware/show_exceptions.rb:30:in `call'
  railties (4.2.0) lib/rails/rack/logger.rb:38:in `call_app'
  railties (4.2.0) lib/rails/rack/logger.rb:20:in `block in call'
  activesupport (4.2.0) lib/active_support/tagged_logging.rb:68:in `block in tagged'
  activesupport (4.2.0) lib/active_support/tagged_logging.rb:26:in `tagged'
  activesupport (4.2.0) lib/active_support/tagged_logging.rb:68:in `tagged'
  railties (4.2.0) lib/rails/rack/logger.rb:20:in `call'
  quiet_assets (1.1.0) lib/quiet_assets.rb:27:in `call_with_quiet_assets'
  actionpack (4.2.0) lib/action_dispatch/middleware/request_id.rb:21:in `call'
  rack (1.6.0) lib/rack/methodoverride.rb:22:in `call'
  rack (1.6.0) lib/rack/runtime.rb:18:in `call'
  activesupport (4.2.0) lib/active_support/cache/strategy/local_cache_middleware.rb:28:in `call'
  rack (1.6.0) lib/rack/lock.rb:17:in `call'
  actionpack (4.2.0) lib/action_dispatch/middleware/static.rb:113:in `call'
  rack (1.6.0) lib/rack/sendfile.rb:113:in `call'
  railties (4.2.0) lib/rails/engine.rb:518:in `call'
  railties (4.2.0) lib/rails/application.rb:164:in `call'
  rack (1.6.0) lib/rack/lock.rb:17:in `call'
  rack (1.6.0) lib/rack/content_length.rb:15:in `call'
  rack (1.6.0) lib/rack/handler/webrick.rb:89:in `service'
  /Users/valkharvey/.rvm/rubies/ruby-2.2.0/lib/ruby/2.2.0/webrick/httpserver.rb:138:in `service'
  /Users/valkharvey/.rvm/rubies/ruby-2.2.0/lib/ruby/2.2.0/webrick/httpserver.rb:94:in `run'
  /Users/valkharvey/.rvm/rubies/ruby-2.2.0/lib/ruby/2.2.0/webrick/server.rb:294:in `block in start_thread'


  Rendered /Users/valkharvey/.rvm/gems/ruby-2.2.0@jv_farm_angular_devise/gems/actionpack-4.2.0/lib/action_dispatch/middleware/templates/rescues/_trace.html.erb (1.4ms)
  Rendered /Users/valkharvey/.rvm/gems/ruby-2.2.0@jv_farm_angular_devise/gems/actionpack-4.2.0/lib/action_dispatch/middleware/templates/routes/_route.html.erb (2.2ms)
  Rendered /Users/valkharvey/.rvm/gems/ruby-2.2.0@jv_farm_angular_devise/gems/actionpack-4.2.0/lib/action_dispatch/middleware/templates/routes/_table.html.erb (11.8ms)
  Rendered /Users/valkharvey/.rvm/gems/ruby-2.2.0@jv_farm_angular_devise/gems/actionpack-4.2.0/lib/action_dispatch/middleware/templates/rescues/_request_and_response.html.erb (1.2ms)
  Rendered /Users/valkharvey/.rvm/gems/ruby-2.2.0@jv_farm_angular_devise/gems/actionpack-4.2.0/lib/action_dispatch/middleware/templates/rescues/routing_error.html.erb within rescues/layout (116.2ms)
  Rendered /Users/valkharvey/.rvm/gems/ruby-2.2.0@jv_farm_angular_devise/gems/web-console-2.1.1/lib/web_console/templates/_markup.html (0.3ms)
  Rendered /Users/valkharvey/.rvm/gems/ruby-2.2.0@jv_farm_angular_devise/gems/web-console-2.1.1/lib/web_console/templates/style.css within layouts/inlined_string (0.4ms)
  Rendered /Users/valkharvey/.rvm/gems/ruby-2.2.0@jv_farm_angular_devise/gems/web-console-2.1.1/lib/web_console/templates/_inner_console_markup.html within layouts/inlined_string (0.2ms)
  Rendered /Users/valkharvey/.rvm/gems/ruby-2.2.0@jv_farm_angular_devise/gems/web-console-2.1.1/lib/web_console/templates/_prompt_box_markup.html within layouts/inlined_string (0.2ms)
  Rendered /Users/valkharvey/.rvm/gems/ruby-2.2.0@jv_farm_angular_devise/gems/web-console-2.1.1/lib/web_console/templates/console.js within layouts/javascript (54.1ms)
  Rendered /Users/valkharvey/.rvm/gems/ruby-2.2.0@jv_farm_angular_devise/gems/web-console-2.1.1/lib/web_console/templates/main.js within layouts/javascript (0.3ms)
  Rendered /Users/valkharvey/.rvm/gems/ruby-2.2.0@jv_farm_angular_devise/gems/web-console-2.1.1/lib/web_console/templates/error_page.js within layouts/javascript (0.4ms)
  Rendered /Users/valkharvey/.rvm/gems/ruby-2.2.0@jv_farm_angular_devise/gems/web-console-2.1.1/lib/web_console/templates/index.html (125.8ms)


Started GET "/main.html" for ::1 at 2015-03-13 15:13:57 -0400

ActionController::RoutingError (No route matches [GET] "/main.html"):
  actionpack (4.2.0) lib/action_dispatch/middleware/debug_exceptions.rb:21:in `call'
  web-console (2.1.1) lib/web_console/middleware.rb:37:in `call'
  actionpack (4.2.0) lib/action_dispatch/middleware/show_exceptions.rb:30:in `call'
  railties (4.2.0) lib/rails/rack/logger.rb:38:in `call_app'
  railties (4.2.0) lib/rails/rack/logger.rb:20:in `block in call'
  activesupport (4.2.0) lib/active_support/tagged_logging.rb:68:in `block in tagged'
  activesupport (4.2.0) lib/active_support/tagged_logging.rb:26:in `tagged'
  activesupport (4.2.0) lib/active_support/tagged_logging.rb:68:in `tagged'
  railties (4.2.0) lib/rails/rack/logger.rb:20:in `call'
  quiet_assets (1.1.0) lib/quiet_assets.rb:27:in `call_with_quiet_assets'
  actionpack (4.2.0) lib/action_dispatch/middleware/request_id.rb:21:in `call'
  rack (1.6.0) lib/rack/methodoverride.rb:22:in `call'
  rack (1.6.0) lib/rack/runtime.rb:18:in `call'
  activesupport (4.2.0) lib/active_support/cache/strategy/local_cache_middleware.rb:28:in `call'
  rack (1.6.0) lib/rack/lock.rb:17:in `call'
  actionpack (4.2.0) lib/action_dispatch/middleware/static.rb:113:in `call'
  rack (1.6.0) lib/rack/sendfile.rb:113:in `call'
  railties (4.2.0) lib/rails/engine.rb:518:in `call'
  railties (4.2.0) lib/rails/application.rb:164:in `call'
  rack (1.6.0) lib/rack/lock.rb:17:in `call'
  rack (1.6.0) lib/rack/content_length.rb:15:in `call'
  rack (1.6.0) lib/rack/handler/webrick.rb:89:in `service'
  /Users/valkharvey/.rvm/rubies/ruby-2.2.0/lib/ruby/2.2.0/webrick/httpserver.rb:138:in `service'
  /Users/valkharvey/.rvm/rubies/ruby-2.2.0/lib/ruby/2.2.0/webrick/httpserver.rb:94:in `run'
  /Users/valkharvey/.rvm/rubies/ruby-2.2.0/lib/ruby/2.2.0/webrick/server.rb:294:in `block in start_thread'


  Rendered /Users/valkharvey/.rvm/gems/ruby-2.2.0@jv_farm_angular_devise/gems/actionpack-4.2.0/lib/action_dispatch/middleware/templates/rescues/_trace.html.erb (1.4ms)
  Rendered /Users/valkharvey/.rvm/gems/ruby-2.2.0@jv_farm_angular_devise/gems/actionpack-4.2.0/lib/action_dispatch/middleware/templates/routes/_route.html.erb (2.0ms)
  Rendered /Users/valkharvey/.rvm/gems/ruby-2.2.0@jv_farm_angular_devise/gems/actionpack-4.2.0/lib/action_dispatch/middleware/templates/routes/_table.html.erb (1.6ms)
  Rendered /Users/valkharvey/.rvm/gems/ruby-2.2.0@jv_farm_angular_devise/gems/actionpack-4.2.0/lib/action_dispatch/middleware/templates/rescues/_request_and_response.html.erb (1.0ms)
  Rendered /Users/valkharvey/.rvm/gems/ruby-2.2.0@jv_farm_angular_devise/gems/actionpack-4.2.0/lib/action_dispatch/middleware/templates/rescues/routing_error.html.erb within rescues/layout (90.0ms)
  Rendered /Users/valkharvey/.rvm/gems/ruby-2.2.0@jv_farm_angular_devise/gems/web-console-2.1.1/lib/web_console/templates/_markup.html (0.4ms)
  Rendered /Users/valkharvey/.rvm/gems/ruby-2.2.0@jv_farm_angular_devise/gems/web-console-2.1.1/lib/web_console/templates/style.css within layouts/inlined_string (0.2ms)
  Rendered /Users/valkharvey/.rvm/gems/ruby-2.2.0@jv_farm_angular_devise/gems/web-console-2.1.1/lib/web_console/templates/_inner_console_markup.html within layouts/inlined_string (0.3ms)
  Rendered /Users/valkharvey/.rvm/gems/ruby-2.2.0@jv_farm_angular_devise/gems/web-console-2.1.1/lib/web_console/templates/_prompt_box_markup.html within layouts/inlined_string (0.3ms)
  Rendered /Users/valkharvey/.rvm/gems/ruby-2.2.0@jv_farm_angular_devise/gems/web-console-2.1.1/lib/web_console/templates/console.js within layouts/javascript (53.4ms)
  Rendered /Users/valkharvey/.rvm/gems/ruby-2.2.0@jv_farm_angular_devise/gems/web-console-2.1.1/lib/web_console/templates/main.js within layouts/javascript (0.2ms)
  Rendered /Users/valkharvey/.rvm/gems/ruby-2.2.0@jv_farm_angular_devise/gems/web-console-2.1.1/lib/web_console/templates/error_page.js within layouts/javascript (0.4ms)
  Rendered /Users/valkharvey/.rvm/gems/ruby-2.2.0@jv_farm_angular_devise/gems/web-console-2.1.1/lib/web_console/templates/index.html (123.0ms)


Started GET "/" for ::1 at 2015-03-13 15:14:07 -0400
Processing by HomeController#index as HTML
  Rendered home/index.html.haml within layouts/application (0.3ms)
Completed 200 OK in 71ms (Views: 71.0ms | ActiveRecord: 0.0ms)


Started GET "/" for ::1 at 2015-03-13 15:14:25 -0400
Processing by HomeController#index as HTML
  Rendered home/index.html.haml within layouts/application (0.3ms)
Completed 200 OK in 76ms (Views: 75.1ms | ActiveRecord: 0.0ms)


Started GET "/" for ::1 at 2015-03-13 15:25:09 -0400
Processing by HomeController#index as HTML
  Rendered home/index.html.haml within layouts/application (0.2ms)
Completed 200 OK in 80ms (Views: 79.1ms | ActiveRecord: 0.0ms)


Started GET "/" for ::1 at 2015-03-13 15:25:30 -0400
  [1m[36mActiveRecord::SchemaMigration Load (0.2ms)[0m  [1mSELECT `schema_migrations`.* FROM `schema_migrations`[0m
Processing by HomeController#index as HTML
  Rendered home/index.html.haml within layouts/application (2.7ms)
Completed 200 OK in 125ms (Views: 113.8ms | ActiveRecord: 0.0ms)


Started GET "/" for ::1 at 2015-03-13 15:25:37 -0400
Processing by HomeController#index as HTML
  Rendered home/index.html.haml within layouts/application (0.3ms)
Completed 200 OK in 89ms (Views: 88.5ms | ActiveRecord: 0.0ms)


Started GET "/" for ::1 at 2015-03-13 15:25:37 -0400
Processing by HomeController#index as HTML
  Rendered home/index.html.haml within layouts/application (0.3ms)
Completed 200 OK in 81ms (Views: 80.8ms | ActiveRecord: 0.0ms)


Started GET "/" for ::1 at 2015-03-15 13:51:21 -0400
  [1m[36mActiveRecord::SchemaMigration Load (42.0ms)[0m  [1mSELECT `schema_migrations`.* FROM `schema_migrations`[0m
Processing by HomeController#index as HTML
  Rendered home/index.html.haml within layouts/application (5.0ms)
Completed 200 OK in 350ms (Views: 314.2ms | ActiveRecord: 0.0ms)
